<?xml version="1.0" encoding="UTF-8"?>
<!-- Generated by org.testng.reporters.JUnitReportReporter -->
<testsuite hostname="DESKTOP-PP9JQ79" failures="0" tests="1" name="End2EndScenario.CreateProjectAndVerifyInDB" time="1.707" errors="0" timestamp="2022-09-30T09:39:10 IST" skipped="0">
  <testcase classname="End2EndScenario.CreateProjectAndVerifyInDB" name="createProject" time="1.707"/>
  <system-out/>
</testsuite> <!-- End2EndScenario.CreateProjectAndVerifyInDB -->
